2025-06-28 12:18:51 INFO: Application started.
2025-06-28 12:18:51 WARNING: Icon file 'icon.png' not found.
2025-06-28 12:20:01 INFO: Application started.
2025-06-28 12:20:01 WARNING: Icon file 'icon.png' not found.
2025-06-28 12:21:16 INFO: Loaded CSV file: /Users/tjbryant/PycharmProjects/kevin-csv-util/FCC_Active_BSL_12312024_rel_6.csv
2025-06-28 12:21:19 ERROR: Missing columns: ['Address', 'Town', 'Location ID']
2025-06-28 12:29:18 INFO: Application started.
2025-06-28 12:29:19 WARNING: Icon file 'icon.png' not found.
2025-06-28 12:29:28 INFO: Loaded CSV file: /Users/tjbryant/PycharmProjects/kevin-csv-util/FCC_Active_BSL_12312024_rel_6.csv
2025-06-28 12:30:43 INFO: Search performed. No matches found.
2025-06-28 12:30:50 INFO: Application started.
2025-06-28 12:30:50 WARNING: Icon file 'icon.png' not found.
2025-06-28 12:30:58 INFO: Loaded CSV file: /Users/tjbryant/PycharmProjects/kevin-csv-util/FCC_Active_BSL_12312024_rel_6.csv
2025-06-28 12:31:35 INFO: Search performed. No matches found.
2025-06-28 12:31:36 INFO: Search performed. No matches found.
2025-06-28 12:32:39 INFO: Application started.
2025-06-28 12:32:39 WARNING: Icon file 'icon.png' not found.
2025-06-28 12:32:53 INFO: Loaded CSV file: /Users/tjbryant/PycharmProjects/kevin-csv-util/FCC_Active_BSL_12312024_rel_6.csv
2025-06-28 12:33:45 INFO: Search performed. No matches found.
2025-06-28 12:33:46 INFO: Search performed. No matches found.
2025-06-28 12:33:51 INFO: Application started.
2025-06-28 12:33:51 WARNING: Icon file 'icon.png' not found.
2025-06-28 12:33:59 INFO: Loaded CSV file: /Users/tjbryant/PycharmProjects/kevin-csv-util/FCC_Active_BSL_12312024_rel_6.csv
2025-06-28 12:34:02 INFO: Search performed. No matches found.
2025-06-28 12:34:28 INFO: Application started.
2025-06-28 12:34:29 WARNING: Icon file 'icon.png' not found.
2025-06-28 12:34:35 INFO: Loaded CSV file: /Users/tjbryant/PycharmProjects/kevin-csv-util/FCC_Active_BSL_12312024_rel_6.csv
2025-06-28 12:35:20 INFO: Search performed. No matches found.
2025-06-28 12:35:21 INFO: Search performed. No matches found.
2025-06-28 12:35:26 INFO: Application started.
2025-06-28 12:35:26 WARNING: Icon file 'icon.png' not found.
2025-06-28 12:35:34 INFO: Loaded CSV file: /Users/tjbryant/PycharmProjects/kevin-csv-util/FCC_Active_BSL_12312024_rel_6.csv
2025-06-28 12:35:54 INFO: Search performed. No matches found.
2025-06-28 12:35:54 INFO: Search performed. No matches found.
2025-06-28 12:36:01 INFO: Search performed. No matches found.
2025-06-28 12:36:35 INFO: Search performed. No matches found.
2025-06-28 12:36:59 INFO: Application started.
2025-06-28 12:36:59 WARNING: Icon file 'icon.png' not found.
2025-06-28 12:37:11 INFO: Loaded CSV file: /Users/tjbryant/PycharmProjects/kevin-csv-util/FCC_Active_BSL_12312024_rel_6.csv
2025-06-28 12:37:26 INFO: Search performed. No matches found.
2025-06-28 12:37:27 INFO: Search performed. No matches found.
2025-06-28 12:37:47 INFO: Search performed. No matches found.
2025-06-28 12:38:27 INFO: Application started.
2025-06-28 12:38:28 WARNING: Icon file 'icon.png' not found.
2025-06-28 12:38:34 INFO: Loaded CSV file: /Users/tjbryant/PycharmProjects/kevin-csv-util/FCC_Active_BSL_12312024_rel_6.csv
2025-06-28 12:38:42 INFO: Search performed. No matches found.
2025-06-28 12:38:43 INFO: Search performed. No matches found.
2025-06-28 12:39:53 INFO: Search performed. No matches found.
2025-06-28 12:39:56 INFO: Application started.
2025-06-28 12:39:56 WARNING: Icon file 'icon.png' not found.
2025-06-28 12:40:01 INFO: Application started.
2025-06-28 12:40:01 WARNING: Icon file 'icon.png' not found.
2025-06-28 12:40:21 INFO: Loaded CSV file: /Users/tjbryant/PycharmProjects/kevin-csv-util/FCC_Active_BSL_12312024_rel_6.csv
2025-06-28 12:40:29 INFO: Search performed. No matches found.
2025-06-28 12:40:30 INFO: Search performed. No matches found.
2025-06-28 12:40:31 INFO: Search performed. No matches found.
2025-06-28 12:40:38 INFO: Search performed. No matches found.
2025-06-28 12:41:18 INFO: Search performed. No matches found.
2025-06-28 12:41:34 INFO: Application started.
2025-06-28 12:41:35 WARNING: Icon file 'icon.png' not found.
2025-06-28 12:41:57 INFO: Loaded CSV file: /Users/tjbryant/PycharmProjects/kevin-csv-util/FCC_Active_BSL_12312024_rel_6.csv
2025-06-28 12:42:14 INFO: Search performed. No matches found.
2025-06-28 12:42:17 INFO: Search performed. No matches found.
2025-06-28 12:42:22 INFO: Search performed. No matches found.
2025-06-28 12:42:31 INFO: Search performed. No matches found.
2025-06-28 12:42:32 INFO: Search performed. Found 294959 matching records.
2025-06-28 12:42:34 INFO: Search performed. No matches found.
2025-06-28 12:42:37 INFO: Search performed. No matches found.
2025-06-28 12:42:49 INFO: Search performed. No matches found.
2025-06-28 12:42:51 INFO: Search performed. Found 294959 matching records.
2025-06-28 12:42:52 INFO: Search performed. Found 294959 matching records.
